[handleMsg]:  {
  key: {
    remoteJid: '5493875051112@s.whatsapp.net',
    fromMe: false,
    id: '3A38BBA7A43BE5F6B808',
    participant: undefined
  },
  messageTimestamp: 1753714676,
  pushName: 'Diego',
  broadcast: false,
  message: Message {
    conversation: 'Hola',
    messageContextInfo: MessageContextInfo {
      deviceListMetadata: [DeviceListMetadata],
      deviceListMetadataVersion: 2,
      messageSecret: [Uint8Array]
    }
  },
  verifiedBizName: 'Diego',
  body: 'Hola',
  from: '5493875051112'
}
[QUEUE_SE_ENVIO]:  {
  ref: 'ans_60159bd8-6ff9-4b37-8c3c-725dd9d6bb94',
  keyword: 'key_ba978892-faf5-429a-ace6-d1e58582ef4a',
  answer: '__call_action__',
  options: {
    media: null,
    buttons: [],
    capture: false,
    child: null,
    delay: 0,
    idle: null,
    ref: null,
    nested: [],
    keyword: {},
    callback: true
  },
  refSerialize: '0776f5e37c87f6b4721d61bb568dda7b'
}
[handleMsg]:  {
  key: {
    remoteJid: '5493875051112@s.whatsapp.net',
    fromMe: false,
    id: '3A562F500C51417D9E23',
    participant: undefined
  },
  messageTimestamp: 1753714683,
  pushName: 'Diego',
  broadcast: false,
  message: Message {
    conversation: '7',
    messageContextInfo: MessageContextInfo {
      deviceListMetadata: [DeviceListMetadata],
      deviceListMetadataVersion: 2,
      messageSecret: [Uint8Array]
    }
  },
  body: '7',
  from: '5493875051112'
}
